0 verbose cli [ '/usr/bin/node', '/usr/bin/npm', 'run', 'build' ]
1 info using npm@8.5.1
2 info using node@v12.22.9
3 timing npm:load:whichnode Completed in 0ms
4 timing config:load:defaults Completed in 7ms
5 timing config:load:file:/usr/share/nodejs/npm/npmrc Completed in 22ms
6 timing config:load:builtin Completed in 22ms
7 timing config:load:cli Completed in 2ms
8 timing config:load:env Completed in 0ms
9 timing config:load:file:/root/demo_nodejs_webpage/.npmrc Completed in 0ms
10 timing config:load:project Completed in 3ms
11 timing config:load:file:/root/.npmrc Completed in 0ms
12 timing config:load:user Completed in 0ms
13 timing config:load:file:/etc/npmrc Completed in 0ms
14 timing config:load:global Completed in 1ms
15 timing config:load:validate Completed in 0ms
16 timing config:load:credentials Completed in 1ms
17 timing config:load:setEnvs Completed in 1ms
18 timing config:load Completed in 38ms
19 timing npm:load:configload Completed in 39ms
20 timing npm:load:setTitle Completed in 0ms
21 timing config:load:flatten Completed in 4ms
22 timing npm:load:display Completed in 7ms
23 verbose logfile /root/.npm/_logs/2024-08-11T17_23_37_969Z-debug-0.log
24 timing npm:load:logFile Completed in 9ms
25 timing npm:load:timers Completed in 0ms
26 timing npm:load:configScope Completed in 0ms
27 timing npm:load Completed in 57ms
28 timing command:run Completed in 7ms
29 verbose stack Error: Missing script: "build"
29 verbose stack
29 verbose stack To see a list of scripts, run:
29 verbose stack   npm run
29 verbose stack     at RunScript.run (/usr/share/nodejs/npm/lib/commands/run-script.js:95:13)
29 verbose stack     at async module.exports (/usr/share/nodejs/npm/lib/cli.js:66:5)
30 verbose cwd /root/demo_nodejs_webpage
31 verbose Linux 6.5.0-1025-azure
32 verbose argv "/usr/bin/node" "/usr/bin/npm" "run" "build"
33 verbose node v12.22.9
34 verbose npm  v8.5.1
35 error Missing script: "build"
35 error
35 error To see a list of scripts, run:
35 error   npm run
36 verbose exit 1
37 timing npm Completed in 296ms
38 verbose code 1
39 error A complete log of this run can be found in:
39 error     /root/.npm/_logs/2024-08-11T17_23_37_969Z-debug-0.log
