0 verbose cli [
0 verbose cli   '/usr/bin/node',
0 verbose cli   '/usr/bin/npm',
0 verbose cli   'completion',
0 verbose cli   '--',
0 verbose cli   'npm',
0 verbose cli   'build',
0 verbose cli   'pa'
0 verbose cli ]
1 info using npm@8.5.1
2 info using node@v12.22.9
3 timing npm:load:whichnode Completed in 1ms
4 timing config:load:defaults Completed in 3ms
5 timing config:load:file:/usr/share/nodejs/npm/npmrc Completed in 18ms
6 timing config:load:builtin Completed in 19ms
7 timing config:load:cli Completed in 2ms
8 timing config:load:env Completed in 0ms
9 timing config:load:file:/root/demo_nodejs_webpage/.npmrc Completed in 0ms
10 timing config:load:project Completed in 2ms
11 timing config:load:file:/root/.npmrc Completed in 1ms
12 timing config:load:user Completed in 1ms
13 timing config:load:file:/etc/npmrc Completed in 0ms
14 timing config:load:global Completed in 0ms
15 timing config:load:validate Completed in 0ms
16 timing config:load:credentials Completed in 2ms
17 timing config:load:setEnvs Completed in 1ms
18 timing config:load Completed in 30ms
19 timing npm:load:configload Completed in 30ms
20 timing npm:load:setTitle Completed in 1ms
21 timing config:load:flatten Completed in 5ms
22 timing npm:load:display Completed in 6ms
23 verbose logfile /root/.npm/_logs/2024-08-11T17_20_47_232Z-debug-0.log
24 timing npm:load:logFile Completed in 8ms
25 timing npm:load:timers Completed in 0ms
26 timing npm:load:configScope Completed in 0ms
27 timing npm:load Completed in 46ms
28 timing command:completion Completed in 2ms
29 verbose exit 0
30 timing npm Completed in 294ms
31 verbose code 1
